platforms/android/build/outputs/apk/manifest-merger-debug-report.txt
-- Merging decision tree log ---
manifest
ADDED from AndroidManifest.xml:2:1
	package
		ADDED from AndroidManifest.xml:2:98
	android:versionName
		ADDED from AndroidManifest.xml:2:70
	android:hardwareAccelerated
		ADDED from AndroidManifest.xml:2:11
	android:versionCode
		ADDED from AndroidManifest.xml:2:46
		INJECTED from AndroidManifest.xml:0:0
		INJECTED from AndroidManifest.xml:0:0
	xmlns:android
		ADDED from AndroidManifest.xml:2:139
supports-screens
ADDED from AndroidManifest.xml:3:5
	android:largeScreens
		ADDED from AndroidManifest.xml:3:49
	android:smallScreens
		ADDED from AndroidManifest.xml:3:132
	android:normalScreens
		ADDED from AndroidManifest.xml:3:77
	android:xlargeScreens
		ADDED from AndroidManifest.xml:3:160
	android:resizeable
		ADDED from AndroidManifest.xml:3:106
	android:anyDensity
		ADDED from AndroidManifest.xml:3:23
uses-permission#android.permission.INTERNET
ADDED from AndroidManifest.xml:4:5
	android:name
		ADDED from AndroidManifest.xml:4:22
uses-permission#android.permission.ACCESS_NETWORK_STATE
ADDED from AndroidManifest.xml:5:5
	android:name
		ADDED from AndroidManifest.xml:5:22
uses-permission#android.permission.ACCESS_WIFI_STATE
ADDED from AndroidManifest.xml:6:5
	android:name
		ADDED from AndroidManifest.xml:6:22
application
ADDED from AndroidManifest.xml:7:5
MERGED from android.com.phonegap.plugins.facebookconnect:gondo739824-FacebookLib:unspecified:debug:22:5
	android:label
		ADDED from AndroidManifest.xml:7:83
	android:supportsRtl
		ADDED from AndroidManifest.xml:7:116
	android:hardwareAccelerated
		ADDED from AndroidManifest.xml:7:18
	android:icon
		ADDED from AndroidManifest.xml:7:53
activity#com.ionicframework.gondo739824.MainActivity
ADDED from AndroidManifest.xml:8:9
	android:label
		ADDED from AndroidManifest.xml:8:97
	android:launchMode
		ADDED from AndroidManifest.xml:8:135
	android:windowSoftInputMode
		ADDED from AndroidManifest.xml:8:248
	android:configChanges
		ADDED from AndroidManifest.xml:8:19
	android:theme
		ADDED from AndroidManifest.xml:8:194
	android:name
		ADDED from AndroidManifest.xml:8:166
intent-filter#android.intent.action.MAIN+android.intent.category.LAUNCHER
ADDED from AndroidManifest.xml:9:13
	android:label
		ADDED from AndroidManifest.xml:9:28
action#android.intent.action.MAIN
ADDED from AndroidManifest.xml:10:17
	android:name
		ADDED from AndroidManifest.xml:10:25
category#android.intent.category.LAUNCHER
ADDED from AndroidManifest.xml:11:17
	android:name
		ADDED from AndroidManifest.xml:11:27
service#com.tenforwardconsulting.cordova.bgloc.LocationUpdateService
ADDED from AndroidManifest.xml:14:9
	android:enabled
		ADDED from AndroidManifest.xml:14:18
	android:process
		ADDED from AndroidManifest.xml:14:117
	android:name
		ADDED from AndroidManifest.xml:14:41
meta-data#com.facebook.sdk.ApplicationId
ADDED from AndroidManifest.xml:15:9
	android:value
		ADDED from AndroidManifest.xml:15:66
	android:name
		ADDED from AndroidManifest.xml:15:20
activity#com.facebook.LoginActivity
ADDED from AndroidManifest.xml:16:9
	android:label
		ADDED from AndroidManifest.xml:16:19
	android:theme
		ADDED from AndroidManifest.xml:16:97
	android:name
		ADDED from AndroidManifest.xml:16:55
uses-sdk
ADDED from AndroidManifest.xml:18:5
MERGED from android:CordovaLib:unspecified:debug:25:5
MERGED from android.com.phonegap.plugins.facebookconnect:gondo739824-FacebookLib:unspecified:debug:20:5
MERGED from android:CordovaLib:unspecified:debug:25:5
	android:targetSdkVersion
		ADDED from AndroidManifest.xml:18:42
	android:minSdkVersion
		ADDED from AndroidManifest.xml:18:15
uses-permission#android.permission.ACCESS_COARSE_LOCATION
ADDED from AndroidManifest.xml:19:5
	android:name
		ADDED from AndroidManifest.xml:19:22
uses-permission#android.permission.ACCESS_FINE_LOCATION
ADDED from AndroidManifest.xml:20:5
	android:name
		ADDED from AndroidManifest.xml:20:22
uses-permission#android.permission.ACCESS_LOCATION_EXTRA_COMMANDS
ADDED from AndroidManifest.xml:21:5
	android:name
		ADDED from AndroidManifest.xml:21:22
uses-permission#android.permission.WAKE_LOCK
ADDED from AndroidManifest.xml:22:5
	android:name
		ADDED from AndroidManifest.xml:22:22